# JRE version: Java(TM) SE Runtime Environment (8.0_151-b12) (build 1.8.0_151-b12)
# Java VM: Java HotSpot(TM) 64-Bit Server VM (25.151-b12 mixed mode bsd-amd64 compressed oops)
Heap:
 PSYoungGen      total 209920K, used 54077K [0x00000007aab00000, 0x00000007be480000, 0x00000007c0000000)
  eden space 189440K, 28% used [0x00000007aab00000,0x00000007adfcf4b0,0x00000007b6400000)
  from space 20480K, 0% used [0x00000007b6400000,0x00000007b6400000,0x00000007b7800000)
  to   space 27648K, 0% used [0x00000007bc980000,0x00000007bc980000,0x00000007be480000)
 ParOldGen       total 84992K, used 40822K [0x0000000780000000, 0x0000000785300000, 0x00000007aab00000)
  object space 84992K, 48% used [0x0000000780000000,0x00000007827dd978,0x0000000785300000)
 Metaspace       used 26756K, capacity 27280K, committed 27648K, reserved 1073152K
  class space    used 3129K, capacity 3314K, committed 3328K, reserved 1048576K
GC Heap History (10 events):
Event: 8,172 GC heap before
{Heap before GC invocations=7 (full 1):
 PSYoungGen      total 137216K, used 8174K [0x00000007aab00000, 0x00000007b3f00000, 0x00000007c0000000)
  eden space 129024K, 0% used [0x00000007aab00000,0x00000007aab00000,0x00000007b2900000)
  from space 8192K, 99% used [0x00000007b3300000,0x00000007b3afba38,0x00000007b3b00000)
  to   space 10240K, 0% used [0x00000007b2900000,0x00000007b2900000,0x00000007b3300000)
 ParOldGen       total 44032K, used 14336K [0x0000000780000000, 0x0000000782b00000, 0x00000007aab00000)
  object space 44032K, 32% used [0x0000000780000000,0x0000000780e00390,0x0000000782b00000)
 Metaspace       used 20724K, capacity 21140K, committed 21296K, reserved 1069056K
  class space    used 2485K, capacity 2680K, committed 2688K, reserved 1048576K
Event: 8,353 GC heap after
Heap after GC invocations=7 (full 1):
 PSYoungGen      total 137216K, used 0K [0x00000007aab00000, 0x00000007b3f00000, 0x00000007c0000000)
  eden space 129024K, 0% used [0x00000007aab00000,0x00000007aab00000,0x00000007b2900000)
  from space 8192K, 0% used [0x00000007b3300000,0x00000007b3300000,0x00000007b3b00000)
  to   space 10240K, 0% used [0x00000007b2900000,0x00000007b2900000,0x00000007b3300000)
 ParOldGen       total 45568K, used 15631K [0x0000000780000000, 0x0000000782c80000, 0x00000007aab00000)
  object space 45568K, 34% used [0x0000000780000000,0x0000000780f43e50,0x0000000782c80000)
 Metaspace       used 20724K, capacity 21140K, committed 21296K, reserved 1069056K
  class space    used 2485K, capacity 2680K, committed 2688K, reserved 1048576K
}
Event: 13,916 GC heap before
{Heap before GC invocations=8 (full 1):
 PSYoungGen      total 137216K, used 129024K [0x00000007aab00000, 0x00000007b3f00000, 0x00000007c0000000)
  eden space 129024K, 100% used [0x00000007aab00000,0x00000007b2900000,0x00000007b2900000)
  from space 8192K, 0% used [0x00000007b3300000,0x00000007b3300000,0x00000007b3b00000)
  to   space 10240K, 0% used [0x00000007b2900000,0x00000007b2900000,0x00000007b3300000)
 ParOldGen       total 45568K, used 15631K [0x0000000780000000, 0x0000000782c80000, 0x00000007aab00000)
  object space 45568K, 34% used [0x0000000780000000,0x0000000780f43e50,0x0000000782c80000)
 Metaspace       used 26743K, capacity 27152K, committed 27392K, reserved 1073152K
  class space    used 3127K, capacity 3314K, committed 3328K, reserved 1048576K
Event: 14,003 GC heap after
Heap after GC invocations=8 (full 1):
 PSYoungGen      total 139264K, used 10235K [0x00000007aab00000, 0x00000007b8680000, 0x00000007c0000000)
  eden space 129024K, 0% used [0x00000007aab00000,0x00000007aab00000,0x00000007b2900000)
  from space 10240K, 99% used [0x00000007b2900000,0x00000007b32fede0,0x00000007b3300000)
  to   space 14848K, 0% used [0x00000007b7800000,0x00000007b7800000,0x00000007b8680000)
 ParOldGen       total 45568K, used 21989K [0x0000000780000000, 0x0000000782c80000, 0x00000007aab00000)
  object space 45568K, 48% used [0x0000000780000000,0x00000007815795a0,0x0000000782c80000)
 Metaspace       used 26743K, capacity 27152K, committed 27392K, reserved 1073152K
  class space    used 3127K, capacity 3314K, committed 3328K, reserved 1048576K
}
Event: 15,451 GC heap before
{Heap before GC invocations=9 (full 1):
 PSYoungGen      total 139264K, used 139259K [0x00000007aab00000, 0x00000007b8680000, 0x00000007c0000000)
  eden space 129024K, 100% used [0x00000007aab00000,0x00000007b2900000,0x00000007b2900000)
  from space 10240K, 99% used [0x00000007b2900000,0x00000007b32fede0,0x00000007b3300000)
  to   space 14848K, 0% used [0x00000007b7800000,0x00000007b7800000,0x00000007b8680000)
 ParOldGen       total 45568K, used 21989K [0x0000000780000000, 0x0000000782c80000, 0x00000007aab00000)
  object space 45568K, 48% used [0x0000000780000000,0x00000007815795a0,0x0000000782c80000)
 Metaspace       used 26745K, capacity 27152K, committed 27392K, reserved 1073152K
  class space    used 3127K, capacity 3314K, committed 3328K, reserved 1048576K
Event: 15,552 GC heap after
Heap after GC invocations=9 (full 1):
 PSYoungGen      total 204288K, used 14828K [0x00000007aab00000, 0x00000007b9d80000, 0x00000007c0000000)
  eden space 189440K, 0% used [0x00000007aab00000,0x00000007aab00000,0x00000007b6400000)
  from space 14848K, 99% used [0x00000007b7800000,0x00000007b867b048,0x00000007b8680000)
  to   space 20480K, 0% used [0x00000007b6400000,0x00000007b6400000,0x00000007b7800000)
 ParOldGen       total 45568K, used 28736K [0x0000000780000000, 0x0000000782c80000, 0x00000007aab00000)
  object space 45568K, 63% used [0x0000000780000000,0x0000000781c10298,0x0000000782c80000)
 Metaspace       used 26745K, capacity 27152K, committed 27392K, reserved 1073152K
  class space    used 3127K, capacity 3314K, committed 3328K, reserved 1048576K
}
Event: 17,131 GC heap before
{Heap before GC invocations=10 (full 1):
 PSYoungGen      total 204288K, used 204268K [0x00000007aab00000, 0x00000007b9d80000, 0x00000007c0000000)
  eden space 189440K, 100% used [0x00000007aab00000,0x00000007b6400000,0x00000007b6400000)
  from space 14848K, 99% used [0x00000007b7800000,0x00000007b867b048,0x00000007b8680000)
  to   space 20480K, 0% used [0x00000007b6400000,0x00000007b6400000,0x00000007b7800000)
 ParOldGen       total 45568K, used 28736K [0x0000000780000000, 0x0000000782c80000, 0x00000007aab00000)
  object space 45568K, 63% used [0x0000000780000000,0x0000000781c10298,0x0000000782c80000)
 Metaspace       used 26747K, capacity 27216K, committed 27392K, reserved 1073152K
  class space    used 3127K, capacity 3314K, committed 3328K, reserved 1048576K
Event: 17,264 GC heap after
Heap after GC invocations=10 (full 1):
 PSYoungGen      total 209920K, used 20475K [0x00000007aab00000, 0x00000007be480000, 0x00000007c0000000)
  eden space 189440K, 0% used [0x00000007aab00000,0x00000007aab00000,0x00000007b6400000)
  from space 20480K, 99% used [0x00000007b6400000,0x00000007b77fec78,0x00000007b7800000)
  to   space 27648K, 0% used [0x00000007bc980000,0x00000007bc980000,0x00000007be480000)
 ParOldGen       total 45568K, used 38314K [0x0000000780000000, 0x0000000782c80000, 0x00000007aab00000)
  object space 45568K, 84% used [0x0000000780000000,0x000000078256a800,0x0000000782c80000)
 Metaspace       used 26747K, capacity 27216K, committed 27392K, reserved 1073152K
  class space    used 3127K, capacity 3314K, committed 3328K, reserved 1048576K
}
Event: 17,265 GC heap before
{Heap before GC invocations=11 (full 2):
 PSYoungGen      total 209920K, used 20475K [0x00000007aab00000, 0x00000007be480000, 0x00000007c0000000)
  eden space 189440K, 0% used [0x00000007aab00000,0x00000007aab00000,0x00000007b6400000)
  from space 20480K, 99% used [0x00000007b6400000,0x00000007b77fec78,0x00000007b7800000)
  to   space 27648K, 0% used [0x00000007bc980000,0x00000007bc980000,0x00000007be480000)
 ParOldGen       total 45568K, used 38314K [0x0000000780000000, 0x0000000782c80000, 0x00000007aab00000)
  object space 45568K, 84% used [0x0000000780000000,0x000000078256a800,0x0000000782c80000)
 Metaspace       used 26747K, capacity 27216K, committed 27392K, reserved 1073152K
  class space    used 3127K, capacity 3314K, committed 3328K, reserved 1048576K
Event: 17,617 GC heap after
Heap after GC invocations=11 (full 2):
 PSYoungGen      total 209920K, used 0K [0x00000007aab00000, 0x00000007be480000, 0x00000007c0000000)
  eden space 189440K, 0% used [0x00000007aab00000,0x00000007aab00000,0x00000007b6400000)
  from space 20480K, 0% used [0x00000007b6400000,0x00000007b6400000,0x00000007b7800000)
  to   space 27648K, 0% used [0x00000007bc980000,0x00000007bc980000,0x00000007be480000)
 ParOldGen       total 84992K, used 40822K [0x0000000780000000, 0x0000000785300000, 0x00000007aab00000)
  object space 84992K, 48% used [0x0000000780000000,0x00000007827dd978,0x0000000785300000)
 Metaspace       used 26747K, capacity 27216K, committed 27392K, reserved 1073152K
  class space    used 3127K, capacity 3314K, committed 3328K, reserved 1048576K
}

