# JRE version: Java(TM) SE Runtime Environment (8.0_151-b12) (build 1.8.0_151-b12)
# Java VM: Java HotSpot(TM) 64-Bit Server VM (25.151-b12 mixed mode bsd-amd64 compressed oops)
Heap:
 PSYoungGen      total 139776K, used 114368K [0x00000007aab00000, 0x00000007b7f00000, 0x00000007c0000000)
  eden space 129024K, 80% used [0x00000007aab00000,0x00000007b1035270,0x00000007b2900000)
  from space 10752K, 99% used [0x00000007b2900000,0x00000007b337af08,0x00000007b3380000)
  to   space 15360K, 0% used [0x00000007b7000000,0x00000007b7000000,0x00000007b7f00000)
 ParOldGen       total 47104K, used 21587K [0x0000000780000000, 0x0000000782e00000, 0x00000007aab00000)
  object space 47104K, 45% used [0x0000000780000000,0x0000000781514f78,0x0000000782e00000)
 Metaspace       used 26747K, capacity 27216K, committed 27392K, reserved 1073152K
  class space    used 3132K, capacity 3314K, committed 3328K, reserved 1048576K
GC Heap History (10 events):
Event: 2,631 GC heap before
{Heap before GC invocations=4 (full 0):
 PSYoungGen      total 35328K, used 35296K [0x00000007aab00000, 0x00000007af000000, 0x00000007c0000000)
  eden space 32768K, 100% used [0x00000007aab00000,0x00000007acb00000,0x00000007acb00000)
  from space 2560K, 98% used [0x00000007acb00000,0x00000007acd78040,0x00000007acd80000)
  to   space 2560K, 0% used [0x00000007aed80000,0x00000007aed80000,0x00000007af000000)
 ParOldGen       total 44032K, used 5806K [0x0000000780000000, 0x0000000782b00000, 0x00000007aab00000)
  object space 44032K, 13% used [0x0000000780000000,0x00000007805ab910,0x0000000782b00000)
 Metaspace       used 13641K, capacity 13836K, committed 14080K, reserved 1060864K
  class space    used 1666K, capacity 1770K, committed 1792K, reserved 1048576K
Event: 2,649 GC heap after
Heap after GC invocations=4 (full 0):
 PSYoungGen      total 68096K, used 2560K [0x00000007aab00000, 0x00000007af000000, 0x00000007c0000000)
  eden space 65536K, 0% used [0x00000007aab00000,0x00000007aab00000,0x00000007aeb00000)
  from space 2560K, 100% used [0x00000007aed80000,0x00000007af000000,0x00000007af000000)
  to   space 2560K, 0% used [0x00000007aeb00000,0x00000007aeb00000,0x00000007aed80000)
 ParOldGen       total 44032K, used 9470K [0x0000000780000000, 0x0000000782b00000, 0x00000007aab00000)
  object space 44032K, 21% used [0x0000000780000000,0x000000078093fb00,0x0000000782b00000)
 Metaspace       used 13641K, capacity 13836K, committed 14080K, reserved 1060864K
  class space    used 1666K, capacity 1770K, committed 1792K, reserved 1048576K
}
Event: 3,884 GC heap before
{Heap before GC invocations=5 (full 0):
 PSYoungGen      total 68096K, used 68096K [0x00000007aab00000, 0x00000007af000000, 0x00000007c0000000)
  eden space 65536K, 100% used [0x00000007aab00000,0x00000007aeb00000,0x00000007aeb00000)
  from space 2560K, 100% used [0x00000007aed80000,0x00000007af000000,0x00000007af000000)
  to   space 2560K, 0% used [0x00000007aeb00000,0x00000007aeb00000,0x00000007aed80000)
 ParOldGen       total 44032K, used 9470K [0x0000000780000000, 0x0000000782b00000, 0x00000007aab00000)
  object space 44032K, 21% used [0x0000000780000000,0x000000078093fb00,0x0000000782b00000)
 Metaspace       used 14234K, capacity 14442K, committed 14592K, reserved 1062912K
  class space    used 1685K, capacity 1775K, committed 1792K, reserved 1048576K
Event: 3,901 GC heap after
Heap after GC invocations=5 (full 0):
 PSYoungGen      total 68096K, used 2560K [0x00000007aab00000, 0x00000007b3c00000, 0x00000007c0000000)
  eden space 65536K, 0% used [0x00000007aab00000,0x00000007aab00000,0x00000007aeb00000)
  from space 2560K, 100% used [0x00000007aeb00000,0x00000007aed80000,0x00000007aed80000)
  to   space 8704K, 0% used [0x00000007b3380000,0x00000007b3380000,0x00000007b3c00000)
 ParOldGen       total 44032K, used 13163K [0x0000000780000000, 0x0000000782b00000, 0x00000007aab00000)
  object space 44032K, 29% used [0x0000000780000000,0x0000000780cdad78,0x0000000782b00000)
 Metaspace       used 14234K, capacity 14442K, committed 14592K, reserved 1062912K
  class space    used 1685K, capacity 1775K, committed 1792K, reserved 1048576K
}
Event: 6,078 GC heap before
{Heap before GC invocations=6 (full 0):
 PSYoungGen      total 68096K, used 54963K [0x00000007aab00000, 0x00000007b3c00000, 0x00000007c0000000)
  eden space 65536K, 79% used [0x00000007aab00000,0x00000007ade2cd78,0x00000007aeb00000)
  from space 2560K, 100% used [0x00000007aeb00000,0x00000007aed80000,0x00000007aed80000)
  to   space 8704K, 0% used [0x00000007b3380000,0x00000007b3380000,0x00000007b3c00000)
 ParOldGen       total 44032K, used 13163K [0x0000000780000000, 0x0000000782b00000, 0x00000007aab00000)
  object space 44032K, 29% used [0x0000000780000000,0x0000000780cdad78,0x0000000782b00000)
 Metaspace       used 20781K, capacity 21216K, committed 21296K, reserved 1069056K
  class space    used 2494K, capacity 2682K, committed 2688K, reserved 1048576K
Event: 6,112 GC heap after
Heap after GC invocations=6 (full 0):
 PSYoungGen      total 137728K, used 8694K [0x00000007aab00000, 0x00000007b4000000, 0x00000007c0000000)
  eden space 129024K, 0% used [0x00000007aab00000,0x00000007aab00000,0x00000007b2900000)
  from space 8704K, 99% used [0x00000007b3380000,0x00000007b3bfd840,0x00000007b3c00000)
  to   space 10752K, 0% used [0x00000007b2900000,0x00000007b2900000,0x00000007b3380000)
 ParOldGen       total 44032K, used 13897K [0x0000000780000000, 0x0000000782b00000, 0x00000007aab00000)
  object space 44032K, 31% used [0x0000000780000000,0x0000000780d92508,0x0000000782b00000)
 Metaspace       used 20781K, capacity 21216K, committed 21296K, reserved 1069056K
  class space    used 2494K, capacity 2682K, committed 2688K, reserved 1048576K
}
Event: 6,112 GC heap before
{Heap before GC invocations=7 (full 1):
 PSYoungGen      total 137728K, used 8694K [0x00000007aab00000, 0x00000007b4000000, 0x00000007c0000000)
  eden space 129024K, 0% used [0x00000007aab00000,0x00000007aab00000,0x00000007b2900000)
  from space 8704K, 99% used [0x00000007b3380000,0x00000007b3bfd840,0x00000007b3c00000)
  to   space 10752K, 0% used [0x00000007b2900000,0x00000007b2900000,0x00000007b3380000)
 ParOldGen       total 44032K, used 13897K [0x0000000780000000, 0x0000000782b00000, 0x00000007aab00000)
  object space 44032K, 31% used [0x0000000780000000,0x0000000780d92508,0x0000000782b00000)
 Metaspace       used 20781K, capacity 21216K, committed 21296K, reserved 1069056K
  class space    used 2494K, capacity 2682K, committed 2688K, reserved 1048576K
Event: 6,221 GC heap after
Heap after GC invocations=7 (full 1):
 PSYoungGen      total 137728K, used 0K [0x00000007aab00000, 0x00000007b4000000, 0x00000007c0000000)
  eden space 129024K, 0% used [0x00000007aab00000,0x00000007aab00000,0x00000007b2900000)
  from space 8704K, 0% used [0x00000007b3380000,0x00000007b3380000,0x00000007b3c00000)
  to   space 10752K, 0% used [0x00000007b2900000,0x00000007b2900000,0x00000007b3380000)
 ParOldGen       total 47104K, used 15766K [0x0000000780000000, 0x0000000782e00000, 0x00000007aab00000)
  object space 47104K, 33% used [0x0000000780000000,0x0000000780f65838,0x0000000782e00000)
 Metaspace       used 20781K, capacity 21216K, committed 21296K, reserved 1069056K
  class space    used 2494K, capacity 2682K, committed 2688K, reserved 1048576K
}
Event: 10,791 GC heap before
{Heap before GC invocations=8 (full 1):
 PSYoungGen      total 137728K, used 129024K [0x00000007aab00000, 0x00000007b4000000, 0x00000007c0000000)
  eden space 129024K, 100% used [0x00000007aab00000,0x00000007b2900000,0x00000007b2900000)
  from space 8704K, 0% used [0x00000007b3380000,0x00000007b3380000,0x00000007b3c00000)
  to   space 10752K, 0% used [0x00000007b2900000,0x00000007b2900000,0x00000007b3380000)
 ParOldGen       total 47104K, used 15766K [0x0000000780000000, 0x0000000782e00000, 0x00000007aab00000)
  object space 47104K, 33% used [0x0000000780000000,0x0000000780f65838,0x0000000782e00000)
 Metaspace       used 26735K, capacity 27152K, committed 27392K, reserved 1073152K
  class space    used 3130K, capacity 3314K, committed 3328K, reserved 1048576K
Event: 10,826 GC heap after
Heap after GC invocations=8 (full 1):
 PSYoungGen      total 139776K, used 10731K [0x00000007aab00000, 0x00000007b7f00000, 0x00000007c0000000)
  eden space 129024K, 0% used [0x00000007aab00000,0x00000007aab00000,0x00000007b2900000)
  from space 10752K, 99% used [0x00000007b2900000,0x00000007b337af08,0x00000007b3380000)
  to   space 15360K, 0% used [0x00000007b7000000,0x00000007b7000000,0x00000007b7f00000)
 ParOldGen       total 47104K, used 21587K [0x0000000780000000, 0x0000000782e00000, 0x00000007aab00000)
  object space 47104K, 45% used [0x0000000780000000,0x0000000781514f78,0x0000000782e00000)
 Metaspace       used 26735K, capacity 27152K, committed 27392K, reserved 1073152K
  class space    used 3130K, capacity 3314K, committed 3328K, reserved 1048576K
}

